2020-03-30 13:09:00,242 INFO com.server.api.ApiApplication [restartedMain] Starting ApiApplication on SRGT-DHORVAT with PID 70320 (C:\Users\dragutin.horvat\workspace-frontend-practice\api\target\classes started by dragutin.horvat in C:\Users\dragutin.horvat\workspace-frontend-practice\api)
2020-03-30 13:09:00,242 DEBUG com.server.api.ApiApplication [restartedMain] Running with Spring Boot v2.2.5.RELEASE, Spring v5.2.4.RELEASE
2020-03-30 13:09:00,242 INFO com.server.api.ApiApplication [restartedMain] The following profiles are active: prod
2020-03-30 13:09:05,295 INFO com.server.api.ApiApplication [restartedMain] Starting ApiApplication on SRGT-DHORVAT with PID 39544 (C:\Users\dragutin.horvat\workspace-frontend-practice\api\target\classes started by dragutin.horvat in C:\Users\dragutin.horvat\workspace-frontend-practice\api)
2020-03-30 13:09:05,303 DEBUG com.server.api.ApiApplication [restartedMain] Running with Spring Boot v2.2.5.RELEASE, Spring v5.2.4.RELEASE
2020-03-30 13:09:05,303 INFO com.server.api.ApiApplication [restartedMain] The following profiles are active: prod
2020-03-30 13:09:05,391 INFO org.springframework.boot.devtools.restart.ChangeableUrls [restartedMain] The Class-Path manifest attribute in C:\Users\dragutin.horvat\.m2\repository\org\glassfish\jaxb\jaxb-runtime\2.3.2\jaxb-runtime-2.3.2.jar referenced one or more files that do not exist: file:/C:/Users/dragutin.horvat/.m2/repository/org/glassfish/jaxb/jaxb-runtime/2.3.2/jakarta.xml.bind-api-2.3.2.jar,file:/C:/Users/dragutin.horvat/.m2/repository/org/glassfish/jaxb/jaxb-runtime/2.3.2/txw2-2.3.2.jar,file:/C:/Users/dragutin.horvat/.m2/repository/org/glassfish/jaxb/jaxb-runtime/2.3.2/istack-commons-runtime-3.0.8.jar,file:/C:/Users/dragutin.horvat/.m2/repository/org/glassfish/jaxb/jaxb-runtime/2.3.2/stax-ex-1.8.1.jar,file:/C:/Users/dragutin.horvat/.m2/repository/org/glassfish/jaxb/jaxb-runtime/2.3.2/FastInfoset-1.2.16.jar,file:/C:/Users/dragutin.horvat/.m2/repository/org/glassfish/jaxb/jaxb-runtime/2.3.2/jakarta.activation-api-1.2.1.jar
2020-03-30 13:09:05,392 INFO org.springframework.boot.devtools.env.DevToolsPropertyDefaultsPostProcessor [restartedMain] Devtools property defaults active! Set 'spring.devtools.add-properties' to 'false' to disable
2020-03-30 13:09:05,392 INFO org.springframework.boot.devtools.env.DevToolsPropertyDefaultsPostProcessor [restartedMain] For additional web related logging consider setting the 'logging.level.web' property to 'DEBUG'
2020-03-30 13:09:06,749 INFO org.springframework.data.repository.config.RepositoryConfigurationDelegate [restartedMain] Bootstrapping Spring Data JPA repositories in DEFAULT mode.
2020-03-30 13:09:06,901 INFO org.springframework.data.repository.config.RepositoryConfigurationDelegate [restartedMain] Finished Spring Data repository scanning in 139ms. Found 2 JPA repository interfaces.
2020-03-30 13:09:07,535 INFO org.springframework.context.support.PostProcessorRegistrationDelegate$BeanPostProcessorChecker [restartedMain] Bean 'org.springframework.security.config.annotation.configuration.ObjectPostProcessorConfiguration' of type [org.springframework.security.config.annotation.configuration.ObjectPostProcessorConfiguration] is not eligible for getting processed by all BeanPostProcessors (for example: not eligible for auto-proxying)
2020-03-30 13:09:07,539 INFO org.springframework.context.support.PostProcessorRegistrationDelegate$BeanPostProcessorChecker [restartedMain] Bean 'objectPostProcessor' of type [org.springframework.security.config.annotation.configuration.AutowireBeanFactoryObjectPostProcessor] is not eligible for getting processed by all BeanPostProcessors (for example: not eligible for auto-proxying)
2020-03-30 13:09:07,541 INFO org.springframework.context.support.PostProcessorRegistrationDelegate$BeanPostProcessorChecker [restartedMain] Bean 'org.springframework.security.access.expression.method.DefaultMethodSecurityExpressionHandler@68a2cd51' of type [org.springframework.security.access.expression.method.DefaultMethodSecurityExpressionHandler] is not eligible for getting processed by all BeanPostProcessors (for example: not eligible for auto-proxying)
2020-03-30 13:09:07,544 INFO org.springframework.context.support.PostProcessorRegistrationDelegate$BeanPostProcessorChecker [restartedMain] Bean 'org.springframework.security.config.annotation.method.configuration.GlobalMethodSecurityConfiguration' of type [org.springframework.security.config.annotation.method.configuration.GlobalMethodSecurityConfiguration] is not eligible for getting processed by all BeanPostProcessors (for example: not eligible for auto-proxying)
2020-03-30 13:09:07,548 INFO org.springframework.context.support.PostProcessorRegistrationDelegate$BeanPostProcessorChecker [restartedMain] Bean 'methodSecurityMetadataSource' of type [org.springframework.security.access.method.DelegatingMethodSecurityMetadataSource] is not eligible for getting processed by all BeanPostProcessors (for example: not eligible for auto-proxying)
2020-03-30 13:09:08,467 INFO org.springframework.boot.web.embedded.tomcat.TomcatWebServer [restartedMain] Tomcat initialized with port(s): 3000 (http)
2020-03-30 13:09:08,972 INFO org.springframework.boot.autoconfigure.h2.H2ConsoleAutoConfiguration [restartedMain] H2 console available at '/h2-console'. Database available at 'jdbc:mysql://localhost:3306/server_api?useSSL=false&serverTimezone=UTC'
2020-03-30 13:09:10,873 INFO org.springframework.orm.jpa.LocalContainerEntityManagerFactoryBean [restartedMain] Initialized JPA EntityManagerFactory for persistence unit 'default'
2020-03-30 13:09:11,423 WARN org.springframework.boot.autoconfigure.orm.jpa.JpaBaseConfiguration$JpaWebConfiguration [restartedMain] spring.jpa.open-in-view is enabled by default. Therefore, database queries may be performed during view rendering. Explicitly configure spring.jpa.open-in-view to disable this warning
2020-03-30 13:09:11,587 DEBUG com.server.api.security.AuthTokenFilter [restartedMain] Filter 'authTokenFilter' configured for use
2020-03-30 13:09:11,587 DEBUG com.server.api.security.AuthTokenFilter [restartedMain] Filter 'authenticationJwtTokenFilter' configured for use
2020-03-30 13:09:12,200 INFO org.springframework.security.web.DefaultSecurityFilterChain [restartedMain] Creating filter chain: any request, [org.springframework.security.web.context.request.async.WebAsyncManagerIntegrationFilter@1ecdd644, org.springframework.security.web.context.SecurityContextPersistenceFilter@74559c10, org.springframework.security.web.header.HeaderWriterFilter@289fca9a, org.springframework.web.filter.CorsFilter@a598bec, com.server.api.security.AuthTokenFilter@43797b61, org.springframework.security.web.savedrequest.RequestCacheAwareFilter@18b1d377, org.springframework.security.web.servletapi.SecurityContextHolderAwareRequestFilter@19350f06, org.springframework.security.web.authentication.AnonymousAuthenticationFilter@7d1e5038, org.springframework.security.web.session.SessionManagementFilter@3fab607d, org.springframework.security.web.access.ExceptionTranslationFilter@3240b8b9, org.springframework.security.web.access.intercept.FilterSecurityInterceptor@5728a5cd]
2020-03-30 13:09:12,318 INFO org.springframework.scheduling.concurrent.ThreadPoolTaskExecutor [restartedMain] Initializing ExecutorService 'applicationTaskExecutor'
2020-03-30 13:09:12,549 WARN org.springframework.boot.devtools.autoconfigure.OptionalLiveReloadServer [restartedMain] Unable to start LiveReload server
2020-03-30 13:09:12,617 INFO org.springframework.boot.web.embedded.tomcat.TomcatWebServer [restartedMain] Tomcat started on port(s): 3000 (http) with context path ''
2020-03-30 13:09:12,620 INFO com.server.api.ApiApplication [restartedMain] Started ApiApplication in 8.165 seconds (JVM running for 9.168)
2020-03-30 13:10:34,706 INFO org.springframework.scheduling.concurrent.ThreadPoolTaskExecutor [Thread-1] Shutting down ExecutorService 'applicationTaskExecutor'
2020-03-30 13:10:34,709 INFO org.springframework.orm.jpa.LocalContainerEntityManagerFactoryBean [Thread-1] Closing JPA EntityManagerFactory for persistence unit 'default'
2020-03-30 13:10:35,331 INFO com.server.api.ApiApplication [restartedMain] Starting ApiApplication on SRGT-DHORVAT with PID 39544 (C:\Users\dragutin.horvat\workspace-frontend-practice\api\target\classes started by dragutin.horvat in C:\Users\dragutin.horvat\workspace-frontend-practice\api)
2020-03-30 13:10:35,332 DEBUG com.server.api.ApiApplication [restartedMain] Running with Spring Boot v2.2.5.RELEASE, Spring v5.2.4.RELEASE
2020-03-30 13:10:35,333 INFO com.server.api.ApiApplication [restartedMain] The following profiles are active: prod
2020-03-30 13:10:36,043 INFO org.springframework.data.repository.config.RepositoryConfigurationDelegate [restartedMain] Bootstrapping Spring Data JPA repositories in DEFAULT mode.
2020-03-30 13:10:36,090 INFO org.springframework.data.repository.config.RepositoryConfigurationDelegate [restartedMain] Finished Spring Data repository scanning in 47ms. Found 2 JPA repository interfaces.
2020-03-30 13:10:36,263 INFO org.springframework.context.support.PostProcessorRegistrationDelegate$BeanPostProcessorChecker [restartedMain] Bean 'org.springframework.security.config.annotation.configuration.ObjectPostProcessorConfiguration' of type [org.springframework.security.config.annotation.configuration.ObjectPostProcessorConfiguration] is not eligible for getting processed by all BeanPostProcessors (for example: not eligible for auto-proxying)
2020-03-30 13:10:36,266 INFO org.springframework.context.support.PostProcessorRegistrationDelegate$BeanPostProcessorChecker [restartedMain] Bean 'objectPostProcessor' of type [org.springframework.security.config.annotation.configuration.AutowireBeanFactoryObjectPostProcessor] is not eligible for getting processed by all BeanPostProcessors (for example: not eligible for auto-proxying)
2020-03-30 13:10:36,266 INFO org.springframework.context.support.PostProcessorRegistrationDelegate$BeanPostProcessorChecker [restartedMain] Bean 'org.springframework.security.access.expression.method.DefaultMethodSecurityExpressionHandler@510172ab' of type [org.springframework.security.access.expression.method.DefaultMethodSecurityExpressionHandler] is not eligible for getting processed by all BeanPostProcessors (for example: not eligible for auto-proxying)
2020-03-30 13:10:36,269 INFO org.springframework.context.support.PostProcessorRegistrationDelegate$BeanPostProcessorChecker [restartedMain] Bean 'org.springframework.security.config.annotation.method.configuration.GlobalMethodSecurityConfiguration' of type [org.springframework.security.config.annotation.method.configuration.GlobalMethodSecurityConfiguration] is not eligible for getting processed by all BeanPostProcessors (for example: not eligible for auto-proxying)
2020-03-30 13:10:36,269 INFO org.springframework.context.support.PostProcessorRegistrationDelegate$BeanPostProcessorChecker [restartedMain] Bean 'methodSecurityMetadataSource' of type [org.springframework.security.access.method.DelegatingMethodSecurityMetadataSource] is not eligible for getting processed by all BeanPostProcessors (for example: not eligible for auto-proxying)
2020-03-30 13:10:36,371 INFO org.springframework.boot.web.embedded.tomcat.TomcatWebServer [restartedMain] Tomcat initialized with port(s): 3000 (http)
2020-03-30 13:10:36,456 INFO org.springframework.boot.autoconfigure.h2.H2ConsoleAutoConfiguration [restartedMain] H2 console available at '/h2-console'. Database available at 'jdbc:mysql://localhost:3306/server_api?useSSL=false&serverTimezone=UTC'
2020-03-30 13:10:36,717 INFO org.springframework.orm.jpa.LocalContainerEntityManagerFactoryBean [restartedMain] Initialized JPA EntityManagerFactory for persistence unit 'default'
2020-03-30 13:10:36,845 WARN org.springframework.boot.autoconfigure.orm.jpa.JpaBaseConfiguration$JpaWebConfiguration [restartedMain] spring.jpa.open-in-view is enabled by default. Therefore, database queries may be performed during view rendering. Explicitly configure spring.jpa.open-in-view to disable this warning
2020-03-30 13:10:36,912 DEBUG com.server.api.security.AuthTokenFilter [restartedMain] Filter 'authTokenFilter' configured for use
2020-03-30 13:10:36,913 DEBUG com.server.api.security.AuthTokenFilter [restartedMain] Filter 'authenticationJwtTokenFilter' configured for use
2020-03-30 13:10:37,104 INFO org.springframework.security.web.DefaultSecurityFilterChain [restartedMain] Creating filter chain: any request, [org.springframework.security.web.context.request.async.WebAsyncManagerIntegrationFilter@6bba053d, org.springframework.security.web.context.SecurityContextPersistenceFilter@26de2823, org.springframework.security.web.header.HeaderWriterFilter@4e2a938a, org.springframework.web.filter.CorsFilter@40405871, com.server.api.security.AuthTokenFilter@541d84b6, org.springframework.security.web.savedrequest.RequestCacheAwareFilter@6cc2272e, org.springframework.security.web.servletapi.SecurityContextHolderAwareRequestFilter@76ee5fff, org.springframework.security.web.authentication.AnonymousAuthenticationFilter@329c7e49, org.springframework.security.web.session.SessionManagementFilter@f6e506b, org.springframework.security.web.access.ExceptionTranslationFilter@3a7e151b, org.springframework.security.web.access.intercept.FilterSecurityInterceptor@5b87fbf5]
2020-03-30 13:10:37,136 INFO org.springframework.scheduling.concurrent.ThreadPoolTaskExecutor [restartedMain] Initializing ExecutorService 'applicationTaskExecutor'
2020-03-30 13:10:37,207 WARN org.springframework.boot.devtools.autoconfigure.OptionalLiveReloadServer [restartedMain] Unable to start LiveReload server
2020-03-30 13:10:37,230 INFO org.springframework.boot.web.embedded.tomcat.TomcatWebServer [restartedMain] Tomcat started on port(s): 3000 (http) with context path ''
2020-03-30 13:10:37,231 INFO com.server.api.ApiApplication [restartedMain] Started ApiApplication in 1.987 seconds (JVM running for 93.778)
2020-03-30 13:10:37,233 INFO org.springframework.boot.devtools.autoconfigure.ConditionEvaluationDeltaLoggingListener [restartedMain] Condition evaluation unchanged
2020-03-30 13:10:42,741 INFO com.server.api.ApiApplication [restartedMain] Starting ApiApplication on SRGT-DHORVAT with PID 58068 (C:\Users\dragutin.horvat\workspace-frontend-practice\api\target\classes started by dragutin.horvat in C:\Users\dragutin.horvat\workspace-frontend-practice\api)
2020-03-30 13:10:42,747 DEBUG com.server.api.ApiApplication [restartedMain] Running with Spring Boot v2.2.5.RELEASE, Spring v5.2.4.RELEASE
2020-03-30 13:10:42,747 INFO com.server.api.ApiApplication [restartedMain] The following profiles are active: prod
2020-03-30 13:10:42,842 INFO org.springframework.boot.devtools.restart.ChangeableUrls [restartedMain] The Class-Path manifest attribute in C:\Users\dragutin.horvat\.m2\repository\org\glassfish\jaxb\jaxb-runtime\2.3.2\jaxb-runtime-2.3.2.jar referenced one or more files that do not exist: file:/C:/Users/dragutin.horvat/.m2/repository/org/glassfish/jaxb/jaxb-runtime/2.3.2/jakarta.xml.bind-api-2.3.2.jar,file:/C:/Users/dragutin.horvat/.m2/repository/org/glassfish/jaxb/jaxb-runtime/2.3.2/txw2-2.3.2.jar,file:/C:/Users/dragutin.horvat/.m2/repository/org/glassfish/jaxb/jaxb-runtime/2.3.2/istack-commons-runtime-3.0.8.jar,file:/C:/Users/dragutin.horvat/.m2/repository/org/glassfish/jaxb/jaxb-runtime/2.3.2/stax-ex-1.8.1.jar,file:/C:/Users/dragutin.horvat/.m2/repository/org/glassfish/jaxb/jaxb-runtime/2.3.2/FastInfoset-1.2.16.jar,file:/C:/Users/dragutin.horvat/.m2/repository/org/glassfish/jaxb/jaxb-runtime/2.3.2/jakarta.activation-api-1.2.1.jar
2020-03-30 13:10:42,843 INFO org.springframework.boot.devtools.env.DevToolsPropertyDefaultsPostProcessor [restartedMain] Devtools property defaults active! Set 'spring.devtools.add-properties' to 'false' to disable
2020-03-30 13:10:42,843 INFO org.springframework.boot.devtools.env.DevToolsPropertyDefaultsPostProcessor [restartedMain] For additional web related logging consider setting the 'logging.level.web' property to 'DEBUG'
2020-03-30 13:10:44,324 INFO org.springframework.data.repository.config.RepositoryConfigurationDelegate [restartedMain] Bootstrapping Spring Data JPA repositories in DEFAULT mode.
2020-03-30 13:10:44,465 INFO org.springframework.data.repository.config.RepositoryConfigurationDelegate [restartedMain] Finished Spring Data repository scanning in 124ms. Found 2 JPA repository interfaces.
2020-03-30 13:10:45,114 INFO org.springframework.context.support.PostProcessorRegistrationDelegate$BeanPostProcessorChecker [restartedMain] Bean 'org.springframework.security.config.annotation.configuration.ObjectPostProcessorConfiguration' of type [org.springframework.security.config.annotation.configuration.ObjectPostProcessorConfiguration] is not eligible for getting processed by all BeanPostProcessors (for example: not eligible for auto-proxying)
2020-03-30 13:10:45,119 INFO org.springframework.context.support.PostProcessorRegistrationDelegate$BeanPostProcessorChecker [restartedMain] Bean 'objectPostProcessor' of type [org.springframework.security.config.annotation.configuration.AutowireBeanFactoryObjectPostProcessor] is not eligible for getting processed by all BeanPostProcessors (for example: not eligible for auto-proxying)
2020-03-30 13:10:45,121 INFO org.springframework.context.support.PostProcessorRegistrationDelegate$BeanPostProcessorChecker [restartedMain] Bean 'org.springframework.security.access.expression.method.DefaultMethodSecurityExpressionHandler@6442c949' of type [org.springframework.security.access.expression.method.DefaultMethodSecurityExpressionHandler] is not eligible for getting processed by all BeanPostProcessors (for example: not eligible for auto-proxying)
2020-03-30 13:10:45,124 INFO org.springframework.context.support.PostProcessorRegistrationDelegate$BeanPostProcessorChecker [restartedMain] Bean 'org.springframework.security.config.annotation.method.configuration.GlobalMethodSecurityConfiguration' of type [org.springframework.security.config.annotation.method.configuration.GlobalMethodSecurityConfiguration] is not eligible for getting processed by all BeanPostProcessors (for example: not eligible for auto-proxying)
2020-03-30 13:10:45,129 INFO org.springframework.context.support.PostProcessorRegistrationDelegate$BeanPostProcessorChecker [restartedMain] Bean 'methodSecurityMetadataSource' of type [org.springframework.security.access.method.DelegatingMethodSecurityMetadataSource] is not eligible for getting processed by all BeanPostProcessors (for example: not eligible for auto-proxying)
2020-03-30 13:10:46,046 INFO org.springframework.boot.web.embedded.tomcat.TomcatWebServer [restartedMain] Tomcat initialized with port(s): 3000 (http)
2020-03-30 13:10:46,567 INFO org.springframework.boot.autoconfigure.h2.H2ConsoleAutoConfiguration [restartedMain] H2 console available at '/h2-console'. Database available at 'jdbc:mysql://localhost:3306/server_api?useSSL=false&serverTimezone=UTC'
2020-03-30 13:10:48,620 INFO org.springframework.orm.jpa.LocalContainerEntityManagerFactoryBean [restartedMain] Initialized JPA EntityManagerFactory for persistence unit 'default'
2020-03-30 13:10:49,269 WARN org.springframework.boot.autoconfigure.orm.jpa.JpaBaseConfiguration$JpaWebConfiguration [restartedMain] spring.jpa.open-in-view is enabled by default. Therefore, database queries may be performed during view rendering. Explicitly configure spring.jpa.open-in-view to disable this warning
2020-03-30 13:10:49,458 DEBUG com.server.api.security.AuthTokenFilter [restartedMain] Filter 'authTokenFilter' configured for use
2020-03-30 13:10:49,459 DEBUG com.server.api.security.AuthTokenFilter [restartedMain] Filter 'authenticationJwtTokenFilter' configured for use
2020-03-30 13:10:50,001 INFO org.springframework.security.web.DefaultSecurityFilterChain [restartedMain] Creating filter chain: any request, [org.springframework.security.web.context.request.async.WebAsyncManagerIntegrationFilter@4f90e7aa, org.springframework.security.web.context.SecurityContextPersistenceFilter@64b0e494, org.springframework.security.web.header.HeaderWriterFilter@51091dbc, org.springframework.web.filter.CorsFilter@360d3f53, com.server.api.security.AuthTokenFilter@52b32c66, org.springframework.security.web.savedrequest.RequestCacheAwareFilter@3db54550, org.springframework.security.web.servletapi.SecurityContextHolderAwareRequestFilter@783b3a6d, org.springframework.security.web.authentication.AnonymousAuthenticationFilter@5054fc04, org.springframework.security.web.session.SessionManagementFilter@29288918, org.springframework.security.web.access.ExceptionTranslationFilter@1f5b27db, org.springframework.security.web.access.intercept.FilterSecurityInterceptor@234ba80c]
2020-03-30 13:10:50,119 INFO org.springframework.scheduling.concurrent.ThreadPoolTaskExecutor [restartedMain] Initializing ExecutorService 'applicationTaskExecutor'
2020-03-30 13:10:50,339 WARN org.springframework.boot.devtools.autoconfigure.OptionalLiveReloadServer [restartedMain] Unable to start LiveReload server
2020-03-30 13:10:50,452 INFO org.springframework.boot.web.embedded.tomcat.TomcatWebServer [restartedMain] Tomcat started on port(s): 3000 (http) with context path ''
2020-03-30 13:10:50,456 INFO com.server.api.ApiApplication [restartedMain] Started ApiApplication in 8.594 seconds (JVM running for 9.587)
2020-03-30 13:39:41,020 INFO com.server.api.ApiApplication [restartedMain] Starting ApiApplication on SRGT-DHORVAT with PID 34152 (C:\Users\dragutin.horvat\workspace-frontend-practice\api\target\classes started by dragutin.horvat in C:\Users\dragutin.horvat\workspace-frontend-practice\api)
2020-03-30 13:39:41,025 DEBUG com.server.api.ApiApplication [restartedMain] Running with Spring Boot v2.2.5.RELEASE, Spring v5.2.4.RELEASE
2020-03-30 13:39:41,025 INFO com.server.api.ApiApplication [restartedMain] The following profiles are active: prod
2020-03-30 13:39:41,109 INFO org.springframework.boot.devtools.restart.ChangeableUrls [restartedMain] The Class-Path manifest attribute in C:\Users\dragutin.horvat\.m2\repository\org\glassfish\jaxb\jaxb-runtime\2.3.2\jaxb-runtime-2.3.2.jar referenced one or more files that do not exist: file:/C:/Users/dragutin.horvat/.m2/repository/org/glassfish/jaxb/jaxb-runtime/2.3.2/jakarta.xml.bind-api-2.3.2.jar,file:/C:/Users/dragutin.horvat/.m2/repository/org/glassfish/jaxb/jaxb-runtime/2.3.2/txw2-2.3.2.jar,file:/C:/Users/dragutin.horvat/.m2/repository/org/glassfish/jaxb/jaxb-runtime/2.3.2/istack-commons-runtime-3.0.8.jar,file:/C:/Users/dragutin.horvat/.m2/repository/org/glassfish/jaxb/jaxb-runtime/2.3.2/stax-ex-1.8.1.jar,file:/C:/Users/dragutin.horvat/.m2/repository/org/glassfish/jaxb/jaxb-runtime/2.3.2/FastInfoset-1.2.16.jar,file:/C:/Users/dragutin.horvat/.m2/repository/org/glassfish/jaxb/jaxb-runtime/2.3.2/jakarta.activation-api-1.2.1.jar
2020-03-30 13:39:41,110 INFO org.springframework.boot.devtools.env.DevToolsPropertyDefaultsPostProcessor [restartedMain] Devtools property defaults active! Set 'spring.devtools.add-properties' to 'false' to disable
2020-03-30 13:39:41,110 INFO org.springframework.boot.devtools.env.DevToolsPropertyDefaultsPostProcessor [restartedMain] For additional web related logging consider setting the 'logging.level.web' property to 'DEBUG'
2020-03-30 13:39:42,549 INFO org.springframework.data.repository.config.RepositoryConfigurationDelegate [restartedMain] Bootstrapping Spring Data JPA repositories in DEFAULT mode.
2020-03-30 13:39:42,691 INFO org.springframework.data.repository.config.RepositoryConfigurationDelegate [restartedMain] Finished Spring Data repository scanning in 126ms. Found 2 JPA repository interfaces.
2020-03-30 13:39:43,329 INFO org.springframework.context.support.PostProcessorRegistrationDelegate$BeanPostProcessorChecker [restartedMain] Bean 'org.springframework.security.config.annotation.configuration.ObjectPostProcessorConfiguration' of type [org.springframework.security.config.annotation.configuration.ObjectPostProcessorConfiguration] is not eligible for getting processed by all BeanPostProcessors (for example: not eligible for auto-proxying)
2020-03-30 13:39:43,334 INFO org.springframework.context.support.PostProcessorRegistrationDelegate$BeanPostProcessorChecker [restartedMain] Bean 'objectPostProcessor' of type [org.springframework.security.config.annotation.configuration.AutowireBeanFactoryObjectPostProcessor] is not eligible for getting processed by all BeanPostProcessors (for example: not eligible for auto-proxying)
2020-03-30 13:39:43,337 INFO org.springframework.context.support.PostProcessorRegistrationDelegate$BeanPostProcessorChecker [restartedMain] Bean 'org.springframework.security.access.expression.method.DefaultMethodSecurityExpressionHandler@28d7d60' of type [org.springframework.security.access.expression.method.DefaultMethodSecurityExpressionHandler] is not eligible for getting processed by all BeanPostProcessors (for example: not eligible for auto-proxying)
2020-03-30 13:39:43,341 INFO org.springframework.context.support.PostProcessorRegistrationDelegate$BeanPostProcessorChecker [restartedMain] Bean 'org.springframework.security.config.annotation.method.configuration.GlobalMethodSecurityConfiguration' of type [org.springframework.security.config.annotation.method.configuration.GlobalMethodSecurityConfiguration] is not eligible for getting processed by all BeanPostProcessors (for example: not eligible for auto-proxying)
2020-03-30 13:39:43,345 INFO org.springframework.context.support.PostProcessorRegistrationDelegate$BeanPostProcessorChecker [restartedMain] Bean 'methodSecurityMetadataSource' of type [org.springframework.security.access.method.DelegatingMethodSecurityMetadataSource] is not eligible for getting processed by all BeanPostProcessors (for example: not eligible for auto-proxying)
2020-03-30 13:39:44,402 INFO org.springframework.boot.web.embedded.tomcat.TomcatWebServer [restartedMain] Tomcat initialized with port(s): 8080 (http)
2020-03-30 13:39:44,589 INFO org.springframework.web.context.ContextLoader [restartedMain] Root WebApplicationContext: initialization completed in 3478 ms
2020-03-30 13:39:45,034 INFO org.springframework.boot.autoconfigure.h2.H2ConsoleAutoConfiguration [restartedMain] H2 console available at '/h2-console'. Database available at 'jdbc:h2:mem:testdb'
2020-03-30 13:39:45,072 ERROR org.springframework.boot.web.embedded.tomcat.TomcatStarter [restartedMain] Error starting Tomcat context. Exception: org.springframework.beans.factory.UnsatisfiedDependencyException. Message: Error creating bean with name 'authTokenFilter': Unsatisfied dependency expressed through field 'jwtUtils'; nested exception is org.springframework.beans.factory.BeanCreationException: Error creating bean with name 'jwtUtils': Injection of autowired dependencies failed; nested exception is java.lang.IllegalArgumentException: Could not resolve placeholder 'spring.app.jwtSecret' in value "${spring.app.jwtSecret}"
2020-03-30 13:39:45,113 WARN org.springframework.boot.web.servlet.context.AnnotationConfigServletWebServerApplicationContext [restartedMain] Exception encountered during context initialization - cancelling refresh attempt: org.springframework.context.ApplicationContextException: Unable to start web server; nested exception is org.springframework.boot.web.server.WebServerException: Unable to start embedded Tomcat
2020-03-30 13:39:45,132 INFO org.springframework.boot.autoconfigure.logging.ConditionEvaluationReportLoggingListener [restartedMain] 

Error starting ApplicationContext. To display the conditions report re-run your application with 'debug' enabled.
2020-03-30 13:39:45,138 ERROR org.springframework.boot.SpringApplication [restartedMain] Application run failed
org.springframework.context.ApplicationContextException: Unable to start web server; nested exception is org.springframework.boot.web.server.WebServerException: Unable to start embedded Tomcat
	at org.springframework.boot.web.servlet.context.ServletWebServerApplicationContext.onRefresh(ServletWebServerApplicationContext.java:156)
	at org.springframework.context.support.AbstractApplicationContext.refresh(AbstractApplicationContext.java:544)
	at org.springframework.boot.web.servlet.context.ServletWebServerApplicationContext.refresh(ServletWebServerApplicationContext.java:141)
	at org.springframework.boot.SpringApplication.refresh(SpringApplication.java:747)
	at org.springframework.boot.SpringApplication.refreshContext(SpringApplication.java:397)
	at org.springframework.boot.SpringApplication.run(SpringApplication.java:315)
	at org.springframework.boot.SpringApplication.run(SpringApplication.java:1226)
	at org.springframework.boot.SpringApplication.run(SpringApplication.java:1215)
	at com.server.api.ApiApplication.main(ApiApplication.java:10)
	at java.base/jdk.internal.reflect.NativeMethodAccessorImpl.invoke0(Native Method)
	at java.base/jdk.internal.reflect.NativeMethodAccessorImpl.invoke(NativeMethodAccessorImpl.java:62)
	at java.base/jdk.internal.reflect.DelegatingMethodAccessorImpl.invoke(DelegatingMethodAccessorImpl.java:43)
	at java.base/java.lang.reflect.Method.invoke(Method.java:566)
	at org.springframework.boot.devtools.restart.RestartLauncher.run(RestartLauncher.java:49)
Caused by: org.springframework.boot.web.server.WebServerException: Unable to start embedded Tomcat
	at org.springframework.boot.web.embedded.tomcat.TomcatWebServer.initialize(TomcatWebServer.java:126)
	at org.springframework.boot.web.embedded.tomcat.TomcatWebServer.<init>(TomcatWebServer.java:88)
	at org.springframework.boot.web.embedded.tomcat.TomcatServletWebServerFactory.getTomcatWebServer(TomcatServletWebServerFactory.java:438)
	at org.springframework.boot.web.embedded.tomcat.TomcatServletWebServerFactory.getWebServer(TomcatServletWebServerFactory.java:191)
	at org.springframework.boot.web.servlet.context.ServletWebServerApplicationContext.createWebServer(ServletWebServerApplicationContext.java:180)
	at org.springframework.boot.web.servlet.context.ServletWebServerApplicationContext.onRefresh(ServletWebServerApplicationContext.java:153)
	... 13 common frames omitted
Caused by: org.springframework.beans.factory.UnsatisfiedDependencyException: Error creating bean with name 'authTokenFilter': Unsatisfied dependency expressed through field 'jwtUtils'; nested exception is org.springframework.beans.factory.BeanCreationException: Error creating bean with name 'jwtUtils': Injection of autowired dependencies failed; nested exception is java.lang.IllegalArgumentException: Could not resolve placeholder 'spring.app.jwtSecret' in value "${spring.app.jwtSecret}"
	at org.springframework.beans.factory.annotation.AutowiredAnnotationBeanPostProcessor$AutowiredFieldElement.inject(AutowiredAnnotationBeanPostProcessor.java:643)
	at org.springframework.beans.factory.annotation.InjectionMetadata.inject(InjectionMetadata.java:130)
	at org.springframework.beans.factory.annotation.AutowiredAnnotationBeanPostProcessor.postProcessProperties(AutowiredAnnotationBeanPostProcessor.java:399)
	at org.springframework.beans.factory.support.AbstractAutowireCapableBeanFactory.populateBean(AbstractAutowireCapableBeanFactory.java:1422)
	at org.springframework.beans.factory.support.AbstractAutowireCapableBeanFactory.doCreateBean(AbstractAutowireCapableBeanFactory.java:594)
	at org.springframework.beans.factory.support.AbstractAutowireCapableBeanFactory.createBean(AbstractAutowireCapableBeanFactory.java:517)
	at org.springframework.beans.factory.support.AbstractBeanFactory.lambda$doGetBean$0(AbstractBeanFactory.java:323)
	at org.springframework.beans.factory.support.DefaultSingletonBeanRegistry.getSingleton(DefaultSingletonBeanRegistry.java:222)
	at org.springframework.beans.factory.support.AbstractBeanFactory.doGetBean(AbstractBeanFactory.java:321)
	at org.springframework.beans.factory.support.AbstractBeanFactory.getBean(AbstractBeanFactory.java:207)
	at org.springframework.boot.web.servlet.ServletContextInitializerBeans.getOrderedBeansOfType(ServletContextInitializerBeans.java:211)
	at org.springframework.boot.web.servlet.ServletContextInitializerBeans.addAsRegistrationBean(ServletContextInitializerBeans.java:174)
	at org.springframework.boot.web.servlet.ServletContextInitializerBeans.addAsRegistrationBean(ServletContextInitializerBeans.java:169)
	at org.springframework.boot.web.servlet.ServletContextInitializerBeans.addAdaptableBeans(ServletContextInitializerBeans.java:154)
	at org.springframework.boot.web.servlet.ServletContextInitializerBeans.<init>(ServletContextInitializerBeans.java:86)
	at org.springframework.boot.web.servlet.context.ServletWebServerApplicationContext.getServletContextInitializerBeans(ServletWebServerApplicationContext.java:253)
	at org.springframework.boot.web.servlet.context.ServletWebServerApplicationContext.selfInitialize(ServletWebServerApplicationContext.java:227)
	at org.springframework.boot.web.embedded.tomcat.TomcatStarter.onStartup(TomcatStarter.java:53)
	at org.apache.catalina.core.StandardContext.startInternal(StandardContext.java:5135)
	at org.apache.catalina.util.LifecycleBase.start(LifecycleBase.java:183)
	at org.apache.catalina.core.ContainerBase$StartChild.call(ContainerBase.java:1384)
	at org.apache.catalina.core.ContainerBase$StartChild.call(ContainerBase.java:1374)
	at java.base/java.util.concurrent.FutureTask.run(FutureTask.java:264)
	at org.apache.tomcat.util.threads.InlineExecutorService.execute(InlineExecutorService.java:75)
	at java.base/java.util.concurrent.AbstractExecutorService.submit(AbstractExecutorService.java:140)
	at org.apache.catalina.core.ContainerBase.startInternal(ContainerBase.java:909)
	at org.apache.catalina.core.StandardHost.startInternal(StandardHost.java:841)
	at org.apache.catalina.util.LifecycleBase.start(LifecycleBase.java:183)
	at org.apache.catalina.core.ContainerBase$StartChild.call(ContainerBase.java:1384)
	at org.apache.catalina.core.ContainerBase$StartChild.call(ContainerBase.java:1374)
	at java.base/java.util.concurrent.FutureTask.run(FutureTask.java:264)
	at org.apache.tomcat.util.threads.InlineExecutorService.execute(InlineExecutorService.java:75)
	at java.base/java.util.concurrent.AbstractExecutorService.submit(AbstractExecutorService.java:140)
	at org.apache.catalina.core.ContainerBase.startInternal(ContainerBase.java:909)
	at org.apache.catalina.core.StandardEngine.startInternal(StandardEngine.java:262)
	at org.apache.catalina.util.LifecycleBase.start(LifecycleBase.java:183)
	at org.apache.catalina.core.StandardService.startInternal(StandardService.java:421)
	at org.apache.catalina.util.LifecycleBase.start(LifecycleBase.java:183)
	at org.apache.catalina.core.StandardServer.startInternal(StandardServer.java:930)
	at org.apache.catalina.util.LifecycleBase.start(LifecycleBase.java:183)
	at org.apache.catalina.startup.Tomcat.start(Tomcat.java:467)
	at org.springframework.boot.web.embedded.tomcat.TomcatWebServer.initialize(TomcatWebServer.java:107)
	... 18 common frames omitted
Caused by: org.springframework.beans.factory.BeanCreationException: Error creating bean with name 'jwtUtils': Injection of autowired dependencies failed; nested exception is java.lang.IllegalArgumentException: Could not resolve placeholder 'spring.app.jwtSecret' in value "${spring.app.jwtSecret}"
	at org.springframework.beans.factory.annotation.AutowiredAnnotationBeanPostProcessor.postProcessProperties(AutowiredAnnotationBeanPostProcessor.java:405)
	at org.springframework.beans.factory.support.AbstractAutowireCapableBeanFactory.populateBean(AbstractAutowireCapableBeanFactory.java:1422)
	at org.springframework.beans.factory.support.AbstractAutowireCapableBeanFactory.doCreateBean(AbstractAutowireCapableBeanFactory.java:594)
	at org.springframework.beans.factory.support.AbstractAutowireCapableBeanFactory.createBean(AbstractAutowireCapableBeanFactory.java:517)
	at org.springframework.beans.factory.support.AbstractBeanFactory.lambda$doGetBean$0(AbstractBeanFactory.java:323)
	at org.springframework.beans.factory.support.DefaultSingletonBeanRegistry.getSingleton(DefaultSingletonBeanRegistry.java:222)
	at org.springframework.beans.factory.support.AbstractBeanFactory.doGetBean(AbstractBeanFactory.java:321)
	at org.springframework.beans.factory.support.AbstractBeanFactory.getBean(AbstractBeanFactory.java:202)
	at org.springframework.beans.factory.config.DependencyDescriptor.resolveCandidate(DependencyDescriptor.java:276)
	at org.springframework.beans.factory.support.DefaultListableBeanFactory.doResolveDependency(DefaultListableBeanFactory.java:1287)
	at org.springframework.beans.factory.support.DefaultListableBeanFactory.resolveDependency(DefaultListableBeanFactory.java:1207)
	at org.springframework.beans.factory.annotation.AutowiredAnnotationBeanPostProcessor$AutowiredFieldElement.inject(AutowiredAnnotationBeanPostProcessor.java:640)
	... 59 common frames omitted
Caused by: java.lang.IllegalArgumentException: Could not resolve placeholder 'spring.app.jwtSecret' in value "${spring.app.jwtSecret}"
	at org.springframework.util.PropertyPlaceholderHelper.parseStringValue(PropertyPlaceholderHelper.java:178)
	at org.springframework.util.PropertyPlaceholderHelper.replacePlaceholders(PropertyPlaceholderHelper.java:124)
	at org.springframework.core.env.AbstractPropertyResolver.doResolvePlaceholders(AbstractPropertyResolver.java:236)
	at org.springframework.core.env.AbstractPropertyResolver.resolveRequiredPlaceholders(AbstractPropertyResolver.java:210)
	at org.springframework.context.support.PropertySourcesPlaceholderConfigurer.lambda$processProperties$0(PropertySourcesPlaceholderConfigurer.java:175)
	at org.springframework.beans.factory.support.AbstractBeanFactory.resolveEmbeddedValue(AbstractBeanFactory.java:909)
	at org.springframework.beans.factory.support.DefaultListableBeanFactory.doResolveDependency(DefaultListableBeanFactory.java:1228)
	at org.springframework.beans.factory.support.DefaultListableBeanFactory.resolveDependency(DefaultListableBeanFactory.java:1207)
	at org.springframework.beans.factory.annotation.AutowiredAnnotationBeanPostProcessor$AutowiredFieldElement.inject(AutowiredAnnotationBeanPostProcessor.java:640)
	at org.springframework.beans.factory.annotation.InjectionMetadata.inject(InjectionMetadata.java:130)
	at org.springframework.beans.factory.annotation.AutowiredAnnotationBeanPostProcessor.postProcessProperties(AutowiredAnnotationBeanPostProcessor.java:399)
	... 70 common frames omitted
2020-03-30 14:12:15,724 INFO com.server.api.ApiApplication [restartedMain] Starting ApiApplication on SRGT-DHORVAT with PID 46536 (C:\Users\dragutin.horvat\workspace-frontend-practice\api\target\classes started by dragutin.horvat in C:\Users\dragutin.horvat\workspace-frontend-practice\api)
2020-03-30 14:12:15,728 DEBUG com.server.api.ApiApplication [restartedMain] Running with Spring Boot v2.2.5.RELEASE, Spring v5.2.4.RELEASE
2020-03-30 14:12:15,728 INFO com.server.api.ApiApplication [restartedMain] The following profiles are active: prod
2020-03-30 14:12:15,836 INFO org.springframework.boot.devtools.restart.ChangeableUrls [restartedMain] The Class-Path manifest attribute in C:\Users\dragutin.horvat\.m2\repository\org\glassfish\jaxb\jaxb-runtime\2.3.2\jaxb-runtime-2.3.2.jar referenced one or more files that do not exist: file:/C:/Users/dragutin.horvat/.m2/repository/org/glassfish/jaxb/jaxb-runtime/2.3.2/jakarta.xml.bind-api-2.3.2.jar,file:/C:/Users/dragutin.horvat/.m2/repository/org/glassfish/jaxb/jaxb-runtime/2.3.2/txw2-2.3.2.jar,file:/C:/Users/dragutin.horvat/.m2/repository/org/glassfish/jaxb/jaxb-runtime/2.3.2/istack-commons-runtime-3.0.8.jar,file:/C:/Users/dragutin.horvat/.m2/repository/org/glassfish/jaxb/jaxb-runtime/2.3.2/stax-ex-1.8.1.jar,file:/C:/Users/dragutin.horvat/.m2/repository/org/glassfish/jaxb/jaxb-runtime/2.3.2/FastInfoset-1.2.16.jar,file:/C:/Users/dragutin.horvat/.m2/repository/org/glassfish/jaxb/jaxb-runtime/2.3.2/jakarta.activation-api-1.2.1.jar
2020-03-30 14:12:15,837 INFO org.springframework.boot.devtools.env.DevToolsPropertyDefaultsPostProcessor [restartedMain] Devtools property defaults active! Set 'spring.devtools.add-properties' to 'false' to disable
2020-03-30 14:12:15,837 INFO org.springframework.boot.devtools.env.DevToolsPropertyDefaultsPostProcessor [restartedMain] For additional web related logging consider setting the 'logging.level.web' property to 'DEBUG'
2020-03-30 14:12:17,507 INFO org.springframework.data.repository.config.RepositoryConfigurationDelegate [restartedMain] Bootstrapping Spring Data JPA repositories in DEFAULT mode.
2020-03-30 14:12:17,684 INFO org.springframework.data.repository.config.RepositoryConfigurationDelegate [restartedMain] Finished Spring Data repository scanning in 159ms. Found 2 JPA repository interfaces.
2020-03-30 14:12:18,462 INFO org.springframework.context.support.PostProcessorRegistrationDelegate$BeanPostProcessorChecker [restartedMain] Bean 'org.springframework.security.config.annotation.configuration.ObjectPostProcessorConfiguration' of type [org.springframework.security.config.annotation.configuration.ObjectPostProcessorConfiguration] is not eligible for getting processed by all BeanPostProcessors (for example: not eligible for auto-proxying)
2020-03-30 14:12:18,468 INFO org.springframework.context.support.PostProcessorRegistrationDelegate$BeanPostProcessorChecker [restartedMain] Bean 'objectPostProcessor' of type [org.springframework.security.config.annotation.configuration.AutowireBeanFactoryObjectPostProcessor] is not eligible for getting processed by all BeanPostProcessors (for example: not eligible for auto-proxying)
2020-03-30 14:12:18,471 INFO org.springframework.context.support.PostProcessorRegistrationDelegate$BeanPostProcessorChecker [restartedMain] Bean 'org.springframework.security.access.expression.method.DefaultMethodSecurityExpressionHandler@7c280e34' of type [org.springframework.security.access.expression.method.DefaultMethodSecurityExpressionHandler] is not eligible for getting processed by all BeanPostProcessors (for example: not eligible for auto-proxying)
2020-03-30 14:12:18,474 INFO org.springframework.context.support.PostProcessorRegistrationDelegate$BeanPostProcessorChecker [restartedMain] Bean 'org.springframework.security.config.annotation.method.configuration.GlobalMethodSecurityConfiguration' of type [org.springframework.security.config.annotation.method.configuration.GlobalMethodSecurityConfiguration] is not eligible for getting processed by all BeanPostProcessors (for example: not eligible for auto-proxying)
2020-03-30 14:12:18,484 INFO org.springframework.context.support.PostProcessorRegistrationDelegate$BeanPostProcessorChecker [restartedMain] Bean 'methodSecurityMetadataSource' of type [org.springframework.security.access.method.DelegatingMethodSecurityMetadataSource] is not eligible for getting processed by all BeanPostProcessors (for example: not eligible for auto-proxying)
2020-03-30 14:12:19,719 INFO org.springframework.boot.web.embedded.tomcat.TomcatWebServer [restartedMain] Tomcat initialized with port(s): 3000 (http)
2020-03-30 14:12:19,896 INFO org.springframework.web.context.ContextLoader [restartedMain] Root WebApplicationContext: initialization completed in 4059 ms
2020-03-30 14:12:20,280 INFO org.springframework.boot.autoconfigure.h2.H2ConsoleAutoConfiguration [restartedMain] H2 console available at '/h2-console'. Database available at 'jdbc:mysql://localhost:3306/server_api?useSSL=false&serverTimezone=UTC'
2020-03-30 14:12:22,421 INFO org.springframework.orm.jpa.LocalContainerEntityManagerFactoryBean [restartedMain] Initialized JPA EntityManagerFactory for persistence unit 'default'
2020-03-30 14:12:23,027 WARN org.springframework.boot.autoconfigure.orm.jpa.JpaBaseConfiguration$JpaWebConfiguration [restartedMain] spring.jpa.open-in-view is enabled by default. Therefore, database queries may be performed during view rendering. Explicitly configure spring.jpa.open-in-view to disable this warning
2020-03-30 14:12:23,192 DEBUG com.server.api.security.AuthTokenFilter [restartedMain] Filter 'authTokenFilter' configured for use
2020-03-30 14:12:23,192 DEBUG com.server.api.security.AuthTokenFilter [restartedMain] Filter 'authenticationJwtTokenFilter' configured for use
2020-03-30 14:12:23,810 INFO org.springframework.security.web.DefaultSecurityFilterChain [restartedMain] Creating filter chain: any request, [org.springframework.security.web.context.request.async.WebAsyncManagerIntegrationFilter@50b4e527, org.springframework.security.web.context.SecurityContextPersistenceFilter@b6cb0ee, org.springframework.security.web.header.HeaderWriterFilter@6d4faf6, org.springframework.web.filter.CorsFilter@5f3c474b, com.server.api.security.AuthTokenFilter@2c61c23d, org.springframework.security.web.savedrequest.RequestCacheAwareFilter@52d5e701, org.springframework.security.web.servletapi.SecurityContextHolderAwareRequestFilter@10a2b9cb, org.springframework.security.web.authentication.AnonymousAuthenticationFilter@12c901ac, org.springframework.security.web.session.SessionManagementFilter@71b759f8, org.springframework.security.web.access.ExceptionTranslationFilter@51d21829, org.springframework.security.web.access.intercept.FilterSecurityInterceptor@6b7978c1]
2020-03-30 14:12:23,918 INFO org.springframework.scheduling.concurrent.ThreadPoolTaskExecutor [restartedMain] Initializing ExecutorService 'applicationTaskExecutor'
2020-03-30 14:12:24,149 WARN org.springframework.boot.devtools.autoconfigure.OptionalLiveReloadServer [restartedMain] Unable to start LiveReload server
2020-03-30 14:12:24,220 INFO org.springframework.boot.web.embedded.tomcat.TomcatWebServer [restartedMain] Tomcat started on port(s): 3000 (http) with context path ''
2020-03-30 14:12:24,223 INFO com.server.api.ApiApplication [restartedMain] Started ApiApplication in 9.366 seconds (JVM running for 10.405)
2020-03-30 14:13:51,120 INFO com.server.api.ApiApplication [restartedMain] Starting ApiApplication on SRGT-DHORVAT with PID 63228 (C:\Users\dragutin.horvat\workspace-frontend-practice\api\target\classes started by dragutin.horvat in C:\Users\dragutin.horvat\workspace-frontend-practice\api)
2020-03-30 14:13:51,125 DEBUG com.server.api.ApiApplication [restartedMain] Running with Spring Boot v2.2.5.RELEASE, Spring v5.2.4.RELEASE
2020-03-30 14:13:51,126 INFO com.server.api.ApiApplication [restartedMain] The following profiles are active: prod
2020-03-30 14:13:58,474 DEBUG com.server.api.security.AuthTokenFilter [restartedMain] Filter 'authTokenFilter' configured for use
2020-03-30 14:13:58,474 DEBUG com.server.api.security.AuthTokenFilter [restartedMain] Filter 'authenticationJwtTokenFilter' configured for use
2020-03-30 14:13:59,489 INFO com.server.api.ApiApplication [restartedMain] Started ApiApplication in 9.383 seconds (JVM running for 10.485)
2020-03-30 14:22:03,248 INFO com.server.api.ApiApplication [restartedMain] Starting ApiApplication on SRGT-DHORVAT with PID 56620 (C:\Users\dragutin.horvat\workspace-frontend-practice\api\target\classes started by dragutin.horvat in C:\Users\dragutin.horvat\workspace-frontend-practice\api)
2020-03-30 14:22:03,248 DEBUG com.server.api.ApiApplication [restartedMain] Running with Spring Boot v2.2.5.RELEASE, Spring v5.2.4.RELEASE
2020-03-30 14:22:03,248 INFO com.server.api.ApiApplication [restartedMain] The following profiles are active: prod
2020-03-30 14:22:04,862 DEBUG com.server.api.security.AuthTokenFilter [restartedMain] Filter 'authTokenFilter' configured for use
2020-03-30 14:22:04,864 DEBUG com.server.api.security.AuthTokenFilter [restartedMain] Filter 'authenticationJwtTokenFilter' configured for use
2020-03-30 14:22:05,316 INFO com.server.api.ApiApplication [restartedMain] Started ApiApplication in 2.191 seconds (JVM running for 136.435)
